c:\source\maptool\maptool\debug\maptool.pch
c:\source\maptool\maptool\debug\vc141.pdb
c:\source\maptool\maptool\debug\vc141.idb
c:\source\maptool\maptool\debug\stdafx.obj
c:\source\maptool\maptool\debug\fontmgr.obj
c:\source\maptool\maptool\debug\form.obj
c:\source\maptool\maptool\debug\formmain.obj
c:\source\maptool\maptool\debug\freecamera.obj
c:\source\maptool\maptool\debug\gamemgr.obj
c:\source\maptool\maptool\debug\grid.obj
c:\source\maptool\maptool\debug\mainfrm.obj
c:\source\maptool\maptool\debug\maptool.obj
c:\source\maptool\maptool\debug\maptooldoc.obj
c:\source\maptool\maptool\debug\maptoolview.obj
c:\source\maptool\maptool\debug\meshbase.obj
c:\source\maptool\maptool\debug\mouseray.obj
c:\source\maptool\maptool\debug\quadnode.obj
c:\source\maptool\maptool\debug\quadtree.obj
c:\source\maptool\maptool\debug\secondform.obj
c:\source\maptool\maptool\debug\terrain.obj
c:\source\maptool\maptool\debug\treemgr.obj
c:\source\maptool\maptool\debug\tri.obj
c:\source\maptool\maptool\debug\wincommon.obj
c:\source\maptool\maptool\debug\windowsmgr.obj
c:\source\maptool\maptool\debug\axis.obj
c:\source\maptool\maptool\debug\camera.obj
c:\source\maptool\maptool\debug\camerabase.obj
c:\source\maptool\maptool\debug\camerafps.obj
c:\source\maptool\maptool\debug\camerafree.obj
c:\source\maptool\maptool\debug\cameratarget.obj
c:\source\maptool\maptool\debug\directmgr.obj
c:\source\maptool\maptool\debug\dxcommon.obj
c:\source\maptool\maptool\debug\dxinput.obj
c:\source\maptool\maptool\debug\firstform.obj
c:\source\maptool\debug\maptool.ilk
c:\source\maptool\debug\maptool.exe
c:\source\maptool\debug\maptool.pdb
c:\source\maptool\maptool\debug\maptool.res
c:\source\maptool\maptool\debug\maptool.tlog\cl.command.1.tlog
c:\source\maptool\maptool\debug\maptool.tlog\cl.read.1.tlog
c:\source\maptool\maptool\debug\maptool.tlog\cl.write.1.tlog
c:\source\maptool\maptool\debug\maptool.tlog\link.command.1.tlog
c:\source\maptool\maptool\debug\maptool.tlog\link.read.1.tlog
c:\source\maptool\maptool\debug\maptool.tlog\link.write.1.tlog
c:\source\maptool\maptool\debug\maptool.tlog\rc.command.1.tlog
c:\source\maptool\maptool\debug\maptool.tlog\rc.read.1.tlog
c:\source\maptool\maptool\debug\maptool.tlog\rc.write.1.tlog
